2024-02-06 10:39:09.139  INFO 16368 --- [main] com.example.demo.SareetaApplication      : Starting SareetaApplication on Saud with PID 16368 (C:\Users\SaudW\OneDrive\Desktop\ecom\starter_code\target\classes started by SaudW in C:\Users\SaudW\OneDrive\Desktop\ecom)
2024-02-06 10:39:09.141  INFO 16368 --- [main] com.example.demo.SareetaApplication      : No active profile set, falling back to default profiles: default
2024-02-06 10:39:09.408  INFO 16368 --- [main] .s.d.r.c.RepositoryConfigurationDelegate : Bootstrapping Spring Data JPA repositories in DEFAULT mode.
2024-02-06 10:39:09.445  INFO 16368 --- [main] .s.d.r.c.RepositoryConfigurationDelegate : Finished Spring Data repository scanning in 32ms. Found 4 JPA repository interfaces.
2024-02-06 10:39:09.847  INFO 16368 --- [main] o.s.b.w.embedded.tomcat.TomcatWebServer  : Tomcat initialized with port(s): 8080 (http)
2024-02-06 10:39:09.852  INFO 16368 --- [main] o.apache.catalina.core.StandardService   : Starting service [Tomcat]
2024-02-06 10:39:09.852  INFO 16368 --- [main] org.apache.catalina.core.StandardEngine  : Starting Servlet engine: [Apache Tomcat/9.0.37]
2024-02-06 10:39:09.908  INFO 16368 --- [main] o.a.c.c.C.[Tomcat].[localhost].[/]       : Initializing Spring embedded WebApplicationContext
2024-02-06 10:39:09.909  INFO 16368 --- [main] w.s.c.ServletWebServerApplicationContext : Root WebApplicationContext: initialization completed in 734 ms
2024-02-06 10:39:10.036  INFO 16368 --- [main] o.hibernate.jpa.internal.util.LogHelper  : HHH000204: Processing PersistenceUnitInfo [name: default]
2024-02-06 10:39:10.062  INFO 16368 --- [main] org.hibernate.Version                    : HHH000412: Hibernate ORM core version 5.4.18.Final
2024-02-06 10:39:10.159  INFO 16368 --- [main] o.hibernate.annotations.common.Version   : HCANN000001: Hibernate Commons Annotations {5.1.0.Final}
2024-02-06 10:39:10.214  INFO 16368 --- [main] com.zaxxer.hikari.HikariDataSource       : HikariPool-1 - Starting...
2024-02-06 10:39:10.315  INFO 16368 --- [main] com.zaxxer.hikari.HikariDataSource       : HikariPool-1 - Start completed.
2024-02-06 10:39:10.327  INFO 16368 --- [main] org.hibernate.dialect.Dialect            : HHH000400: Using dialect: org.hibernate.dialect.H2Dialect
2024-02-06 10:39:10.810  INFO 16368 --- [main] o.h.e.t.j.p.i.JtaPlatformInitiator       : HHH000490: Using JtaPlatform implementation: [org.hibernate.engine.transaction.jta.platform.internal.NoJtaPlatform]
2024-02-06 10:39:10.814  INFO 16368 --- [main] j.LocalContainerEntityManagerFactoryBean : Initialized JPA EntityManagerFactory for persistence unit 'default'
2024-02-06 10:39:10.997  WARN 16368 --- [main] JpaBaseConfiguration$JpaWebConfiguration : spring.jpa.open-in-view is enabled by default. Therefore, database queries may be performed during view rendering. Explicitly configure spring.jpa.open-in-view to disable this warning
2024-02-06 10:39:11.294  INFO 16368 --- [main] o.s.s.web.DefaultSecurityFilterChain     : Creating filter chain: any request, [org.springframework.security.web.context.request.async.WebAsyncManagerIntegrationFilter@337c0ee4, org.springframework.security.web.context.SecurityContextPersistenceFilter@7e514482, org.springframework.security.web.header.HeaderWriterFilter@6cd6698b, org.springframework.web.filter.CorsFilter@67b09e34, org.springframework.security.web.authentication.logout.LogoutFilter@1999e1f5, com.example.demo.security.JWTAuthenticationFilter@6f95654c, com.example.demo.security.JWTAuthenticationVerificationFilter@271a140c, org.springframework.security.web.savedrequest.RequestCacheAwareFilter@3c271988, org.springframework.security.web.servletapi.SecurityContextHolderAwareRequestFilter@21d15932, org.springframework.security.web.authentication.AnonymousAuthenticationFilter@74c23525, org.springframework.security.web.session.SessionManagementFilter@44dcc0e4, org.springframework.security.web.access.ExceptionTranslationFilter@799cf32d, org.springframework.security.web.access.intercept.FilterSecurityInterceptor@6f87a7c7]
2024-02-06 10:39:11.326  INFO 16368 --- [main] o.s.s.concurrent.ThreadPoolTaskExecutor  : Initializing ExecutorService 'applicationTaskExecutor'
2024-02-06 10:39:11.427  INFO 16368 --- [main] o.s.b.w.embedded.tomcat.TomcatWebServer  : Tomcat started on port(s): 8080 (http) with context path ''
2024-02-06 10:39:11.432  INFO 16368 --- [main] com.example.demo.SareetaApplication      : Started SareetaApplication in 2.601 seconds (JVM running for 3.431)
